# JRE version: Java(TM) SE Runtime Environment (8.0_202-b08) (build 1.8.0_202-b08)
# Java VM: Java HotSpot(TM) 64-Bit Server VM (25.202-b08 mixed mode windows-amd64 compressed oops)
Heap:
 PSYoungGen      total 37888K, used 18575K [0x00000000d6200000, 0x00000000d8c00000, 0x0000000100000000)
  eden space 32768K, 56% used [0x00000000d6200000,0x00000000d7423fb0,0x00000000d8200000)
  from space 5120K, 0% used [0x00000000d8700000,0x00000000d8700000,0x00000000d8c00000)
  to   space 5120K, 0% used [0x00000000d8200000,0x00000000d8200000,0x00000000d8700000)
 ParOldGen       total 42496K, used 8346K [0x0000000082600000, 0x0000000084f80000, 0x00000000d6200000)
  object space 42496K, 19% used [0x0000000082600000,0x0000000082e26938,0x0000000084f80000)
 Metaspace       used 25503K, capacity 26784K, committed 26968K, reserved 1075200K
  class space    used 3482K, capacity 3792K, committed 3840K, reserved 1048576K
GC Heap History (10 events):
Event: 2.330 GC heap before
{Heap before GC invocations=6 (full 1):
 PSYoungGen      total 37888K, used 36303K [0x00000000d6200000, 0x00000000d8c00000, 0x0000000100000000)
  eden space 32768K, 100% used [0x00000000d6200000,0x00000000d8200000,0x00000000d8200000)
  from space 5120K, 69% used [0x00000000d8700000,0x00000000d8a73f10,0x00000000d8c00000)
  to   space 5120K, 0% used [0x00000000d8200000,0x00000000d8200000,0x00000000d8700000)
 ParOldGen       total 42496K, used 3983K [0x0000000082600000, 0x0000000084f80000, 0x00000000d6200000)
  object space 42496K, 9% used [0x0000000082600000,0x00000000829e3c80,0x0000000084f80000)
 Metaspace       used 20827K, capacity 21550K, committed 21760K, reserved 1069056K
  class space    used 2806K, capacity 3006K, committed 3072K, reserved 1048576K
Event: 2.335 GC heap after
Heap after GC invocations=6 (full 1):
 PSYoungGen      total 37888K, used 5110K [0x00000000d6200000, 0x00000000d8c00000, 0x0000000100000000)
  eden space 32768K, 0% used [0x00000000d6200000,0x00000000d6200000,0x00000000d8200000)
  from space 5120K, 99% used [0x00000000d8200000,0x00000000d86fd8d8,0x00000000d8700000)
  to   space 5120K, 0% used [0x00000000d8700000,0x00000000d8700000,0x00000000d8c00000)
 ParOldGen       total 42496K, used 4115K [0x0000000082600000, 0x0000000084f80000, 0x00000000d6200000)
  object space 42496K, 9% used [0x0000000082600000,0x0000000082a04fe0,0x0000000084f80000)
 Metaspace       used 20827K, capacity 21550K, committed 21760K, reserved 1069056K
  class space    used 2806K, capacity 3006K, committed 3072K, reserved 1048576K
}
Event: 2.737 GC heap before
{Heap before GC invocations=7 (full 1):
 PSYoungGen      total 37888K, used 37878K [0x00000000d6200000, 0x00000000d8c00000, 0x0000000100000000)
  eden space 32768K, 100% used [0x00000000d6200000,0x00000000d8200000,0x00000000d8200000)
  from space 5120K, 99% used [0x00000000d8200000,0x00000000d86fd8d8,0x00000000d8700000)
  to   space 5120K, 0% used [0x00000000d8700000,0x00000000d8700000,0x00000000d8c00000)
 ParOldGen       total 42496K, used 4115K [0x0000000082600000, 0x0000000084f80000, 0x00000000d6200000)
  object space 42496K, 9% used [0x0000000082600000,0x0000000082a04fe0,0x0000000084f80000)
 Metaspace       used 22318K, capacity 23314K, committed 23552K, reserved 1071104K
  class space    used 3014K, capacity 3227K, committed 3328K, reserved 1048576K
Event: 2.742 GC heap after
Heap after GC invocations=7 (full 1):
 PSYoungGen      total 37888K, used 4680K [0x00000000d6200000, 0x00000000d8c00000, 0x0000000100000000)
  eden space 32768K, 0% used [0x00000000d6200000,0x00000000d6200000,0x00000000d8200000)
  from space 5120K, 91% used [0x00000000d8700000,0x00000000d8b92098,0x00000000d8c00000)
  to   space 5120K, 0% used [0x00000000d8200000,0x00000000d8200000,0x00000000d8700000)
 ParOldGen       total 42496K, used 4123K [0x0000000082600000, 0x0000000084f80000, 0x00000000d6200000)
  object space 42496K, 9% used [0x0000000082600000,0x0000000082a06fe0,0x0000000084f80000)
 Metaspace       used 22318K, capacity 23314K, committed 23552K, reserved 1071104K
  class space    used 3014K, capacity 3227K, committed 3328K, reserved 1048576K
}
Event: 3.089 GC heap before
{Heap before GC invocations=8 (full 1):
 PSYoungGen      total 37888K, used 37448K [0x00000000d6200000, 0x00000000d8c00000, 0x0000000100000000)
  eden space 32768K, 100% used [0x00000000d6200000,0x00000000d8200000,0x00000000d8200000)
  from space 5120K, 91% used [0x00000000d8700000,0x00000000d8b92098,0x00000000d8c00000)
  to   space 5120K, 0% used [0x00000000d8200000,0x00000000d8200000,0x00000000d8700000)
 ParOldGen       total 42496K, used 4123K [0x0000000082600000, 0x0000000084f80000, 0x00000000d6200000)
  object space 42496K, 9% used [0x0000000082600000,0x0000000082a06fe0,0x0000000084f80000)
 Metaspace       used 23401K, capacity 24474K, committed 24704K, reserved 1071104K
  class space    used 3177K, capacity 3393K, committed 3456K, reserved 1048576K
Event: 3.094 GC heap after
Heap after GC invocations=8 (full 1):
 PSYoungGen      total 37888K, used 5107K [0x00000000d6200000, 0x00000000d8c00000, 0x0000000100000000)
  eden space 32768K, 0% used [0x00000000d6200000,0x00000000d6200000,0x00000000d8200000)
  from space 5120K, 99% used [0x00000000d8200000,0x00000000d86fccd8,0x00000000d8700000)
  to   space 5120K, 0% used [0x00000000d8700000,0x00000000d8700000,0x00000000d8c00000)
 ParOldGen       total 42496K, used 4323K [0x0000000082600000, 0x0000000084f80000, 0x00000000d6200000)
  object space 42496K, 10% used [0x0000000082600000,0x0000000082a38c08,0x0000000084f80000)
 Metaspace       used 23401K, capacity 24474K, committed 24704K, reserved 1071104K
  class space    used 3177K, capacity 3393K, committed 3456K, reserved 1048576K
}
Event: 3.275 GC heap before
{Heap before GC invocations=9 (full 1):
 PSYoungGen      total 37888K, used 19735K [0x00000000d6200000, 0x00000000d8c00000, 0x0000000100000000)
  eden space 32768K, 44% used [0x00000000d6200000,0x00000000d70491b0,0x00000000d8200000)
  from space 5120K, 99% used [0x00000000d8200000,0x00000000d86fccd8,0x00000000d8700000)
  to   space 5120K, 0% used [0x00000000d8700000,0x00000000d8700000,0x00000000d8c00000)
 ParOldGen       total 42496K, used 4323K [0x0000000082600000, 0x0000000084f80000, 0x00000000d6200000)
  object space 42496K, 10% used [0x0000000082600000,0x0000000082a38c08,0x0000000084f80000)
 Metaspace       used 23996K, capacity 25044K, committed 25176K, reserved 1073152K
  class space    used 3274K, capacity 3492K, committed 3584K, reserved 1048576K
Event: 3.281 GC heap after
Heap after GC invocations=9 (full 1):
 PSYoungGen      total 37888K, used 3998K [0x00000000d6200000, 0x00000000d8c00000, 0x0000000100000000)
  eden space 32768K, 0% used [0x00000000d6200000,0x00000000d6200000,0x00000000d8200000)
  from space 5120K, 78% used [0x00000000d8700000,0x00000000d8ae7b38,0x00000000d8c00000)
  to   space 5120K, 0% used [0x00000000d8200000,0x00000000d8200000,0x00000000d8700000)
 ParOldGen       total 42496K, used 5285K [0x0000000082600000, 0x0000000084f80000, 0x00000000d6200000)
  object space 42496K, 12% used [0x0000000082600000,0x0000000082b29638,0x0000000084f80000)
 Metaspace       used 23996K, capacity 25044K, committed 25176K, reserved 1073152K
  class space    used 3274K, capacity 3492K, committed 3584K, reserved 1048576K
}
Event: 3.281 GC heap before
{Heap before GC invocations=10 (full 2):
 PSYoungGen      total 37888K, used 3998K [0x00000000d6200000, 0x00000000d8c00000, 0x0000000100000000)
  eden space 32768K, 0% used [0x00000000d6200000,0x00000000d6200000,0x00000000d8200000)
  from space 5120K, 78% used [0x00000000d8700000,0x00000000d8ae7b38,0x00000000d8c00000)
  to   space 5120K, 0% used [0x00000000d8200000,0x00000000d8200000,0x00000000d8700000)
 ParOldGen       total 42496K, used 5285K [0x0000000082600000, 0x0000000084f80000, 0x00000000d6200000)
  object space 42496K, 12% used [0x0000000082600000,0x0000000082b29638,0x0000000084f80000)
 Metaspace       used 23996K, capacity 25044K, committed 25176K, reserved 1073152K
  class space    used 3274K, capacity 3492K, committed 3584K, reserved 1048576K
Event: 3.413 GC heap after
Heap after GC invocations=10 (full 2):
 PSYoungGen      total 37888K, used 0K [0x00000000d6200000, 0x00000000d8c00000, 0x0000000100000000)
  eden space 32768K, 0% used [0x00000000d6200000,0x00000000d6200000,0x00000000d8200000)
  from space 5120K, 0% used [0x00000000d8700000,0x00000000d8700000,0x00000000d8c00000)
  to   space 5120K, 0% used [0x00000000d8200000,0x00000000d8200000,0x00000000d8700000)
 ParOldGen       total 42496K, used 8346K [0x0000000082600000, 0x0000000084f80000, 0x00000000d6200000)
  object space 42496K, 19% used [0x0000000082600000,0x0000000082e26938,0x0000000084f80000)
 Metaspace       used 23996K, capacity 25044K, committed 25176K, reserved 1073152K
  class space    used 3274K, capacity 3492K, committed 3584K, reserved 1048576K
}

