# JRE version: Java(TM) SE Runtime Environment (8.0_202-b08) (build 1.8.0_202-b08)
# Java VM: Java HotSpot(TM) 64-Bit Server VM (25.202-b08 mixed mode windows-amd64 compressed oops)
Heap:
 PSYoungGen      total 146432K, used 82148K [0x00000000d6200000, 0x00000000e0680000, 0x0000000100000000)
  eden space 139264K, 53% used [0x00000000d6200000,0x00000000dab44c60,0x00000000dea00000)
  from space 7168K, 99% used [0x00000000dff80000,0x00000000e0674578,0x00000000e0680000)
  to   space 10752K, 0% used [0x00000000df180000,0x00000000df180000,0x00000000dfc00000)
 ParOldGen       total 90112K, used 14290K [0x0000000082600000, 0x0000000087e00000, 0x00000000d6200000)
  object space 90112K, 15% used [0x0000000082600000,0x00000000833f4bc8,0x0000000087e00000)
 Metaspace       used 42029K, capacity 44256K, committed 44504K, reserved 1087488K
  class space    used 5595K, capacity 6033K, committed 6104K, reserved 1048576K
GC Heap History (10 events):
Event: 1.861 GC heap before
{Heap before GC invocations=6 (full 1):
 PSYoungGen      total 70656K, used 65536K [0x00000000d6200000, 0x00000000dac00000, 0x0000000100000000)
  eden space 65536K, 100% used [0x00000000d6200000,0x00000000da200000,0x00000000da200000)
  from space 5120K, 0% used [0x00000000da700000,0x00000000da700000,0x00000000dac00000)
  to   space 5120K, 0% used [0x00000000da200000,0x00000000da200000,0x00000000da700000)
 ParOldGen       total 58880K, used 8102K [0x0000000082600000, 0x0000000085f80000, 0x00000000d6200000)
  object space 58880K, 13% used [0x0000000082600000,0x0000000082de9bb0,0x0000000085f80000)
 Metaspace       used 22823K, capacity 23872K, committed 24064K, reserved 1071104K
  class space    used 3105K, capacity 3328K, committed 3328K, reserved 1048576K
Event: 1.866 GC heap after
Heap after GC invocations=6 (full 1):
 PSYoungGen      total 70656K, used 5104K [0x00000000d6200000, 0x00000000dd780000, 0x0000000100000000)
  eden space 65536K, 0% used [0x00000000d6200000,0x00000000d6200000,0x00000000da200000)
  from space 5120K, 99% used [0x00000000da200000,0x00000000da6fc198,0x00000000da700000)
  to   space 9216K, 0% used [0x00000000dce80000,0x00000000dce80000,0x00000000dd780000)
 ParOldGen       total 58880K, used 8232K [0x0000000082600000, 0x0000000085f80000, 0x00000000d6200000)
  object space 58880K, 13% used [0x0000000082600000,0x0000000082e0a3c0,0x0000000085f80000)
 Metaspace       used 22823K, capacity 23872K, committed 24064K, reserved 1071104K
  class space    used 3105K, capacity 3328K, committed 3328K, reserved 1048576K
}
Event: 2.351 GC heap before
{Heap before GC invocations=7 (full 1):
 PSYoungGen      total 70656K, used 70640K [0x00000000d6200000, 0x00000000dd780000, 0x0000000100000000)
  eden space 65536K, 100% used [0x00000000d6200000,0x00000000da200000,0x00000000da200000)
  from space 5120K, 99% used [0x00000000da200000,0x00000000da6fc198,0x00000000da700000)
  to   space 9216K, 0% used [0x00000000dce80000,0x00000000dce80000,0x00000000dd780000)
 ParOldGen       total 58880K, used 8232K [0x0000000082600000, 0x0000000085f80000, 0x00000000d6200000)
  object space 58880K, 13% used [0x0000000082600000,0x0000000082e0a3c0,0x0000000085f80000)
 Metaspace       used 27704K, capacity 29368K, committed 29568K, reserved 1075200K
  class space    used 3809K, capacity 4140K, committed 4224K, reserved 1048576K
Event: 2.357 GC heap after
Heap after GC invocations=7 (full 1):
 PSYoungGen      total 109056K, used 8740K [0x00000000d6200000, 0x00000000dd780000, 0x0000000100000000)
  eden space 99840K, 0% used [0x00000000d6200000,0x00000000d6200000,0x00000000dc380000)
  from space 9216K, 94% used [0x00000000dce80000,0x00000000dd7091c8,0x00000000dd780000)
  to   space 10240K, 0% used [0x00000000dc380000,0x00000000dc380000,0x00000000dcd80000)
 ParOldGen       total 58880K, used 8240K [0x0000000082600000, 0x0000000085f80000, 0x00000000d6200000)
  object space 58880K, 13% used [0x0000000082600000,0x0000000082e0c3c0,0x0000000085f80000)
 Metaspace       used 27704K, capacity 29368K, committed 29568K, reserved 1075200K
  class space    used 3809K, capacity 4140K, committed 4224K, reserved 1048576K
}
Event: 2.895 GC heap before
{Heap before GC invocations=8 (full 1):
 PSYoungGen      total 109056K, used 67550K [0x00000000d6200000, 0x00000000dd780000, 0x0000000100000000)
  eden space 99840K, 58% used [0x00000000d6200000,0x00000000d9b6e6d0,0x00000000dc380000)
  from space 9216K, 94% used [0x00000000dce80000,0x00000000dd7091c8,0x00000000dd780000)
  to   space 10240K, 0% used [0x00000000dc380000,0x00000000dc380000,0x00000000dcd80000)
 ParOldGen       total 58880K, used 8240K [0x0000000082600000, 0x0000000085f80000, 0x00000000d6200000)
  object space 58880K, 13% used [0x0000000082600000,0x0000000082e0c3c0,0x0000000085f80000)
 Metaspace       used 33612K, capacity 35372K, committed 35416K, reserved 1079296K
  class space    used 4558K, capacity 4924K, committed 4952K, reserved 1048576K
Event: 2.902 GC heap after
Heap after GC invocations=8 (full 1):
 PSYoungGen      total 110080K, used 9709K [0x00000000d6200000, 0x00000000e0a80000, 0x0000000100000000)
  eden space 99840K, 0% used [0x00000000d6200000,0x00000000d6200000,0x00000000dc380000)
  from space 10240K, 94% used [0x00000000dc380000,0x00000000dccfb6f8,0x00000000dcd80000)
  to   space 11264K, 0% used [0x00000000dff80000,0x00000000dff80000,0x00000000e0a80000)
 ParOldGen       total 58880K, used 8312K [0x0000000082600000, 0x0000000085f80000, 0x00000000d6200000)
  object space 58880K, 14% used [0x0000000082600000,0x0000000082e1e3d0,0x0000000085f80000)
 Metaspace       used 33612K, capacity 35372K, committed 35416K, reserved 1079296K
  class space    used 4558K, capacity 4924K, committed 4952K, reserved 1048576K
}
Event: 2.902 GC heap before
{Heap before GC invocations=9 (full 2):
 PSYoungGen      total 110080K, used 9709K [0x00000000d6200000, 0x00000000e0a80000, 0x0000000100000000)
  eden space 99840K, 0% used [0x00000000d6200000,0x00000000d6200000,0x00000000dc380000)
  from space 10240K, 94% used [0x00000000dc380000,0x00000000dccfb6f8,0x00000000dcd80000)
  to   space 11264K, 0% used [0x00000000dff80000,0x00000000dff80000,0x00000000e0a80000)
 ParOldGen       total 58880K, used 8312K [0x0000000082600000, 0x0000000085f80000, 0x00000000d6200000)
  object space 58880K, 14% used [0x0000000082600000,0x0000000082e1e3d0,0x0000000085f80000)
 Metaspace       used 33612K, capacity 35372K, committed 35416K, reserved 1079296K
  class space    used 4558K, capacity 4924K, committed 4952K, reserved 1048576K
Event: 2.936 GC heap after
Heap after GC invocations=9 (full 2):
 PSYoungGen      total 110080K, used 0K [0x00000000d6200000, 0x00000000e0a80000, 0x0000000100000000)
  eden space 99840K, 0% used [0x00000000d6200000,0x00000000d6200000,0x00000000dc380000)
  from space 10240K, 0% used [0x00000000dc380000,0x00000000dc380000,0x00000000dcd80000)
  to   space 11264K, 0% used [0x00000000dff80000,0x00000000dff80000,0x00000000e0a80000)
 ParOldGen       total 90112K, used 14282K [0x0000000082600000, 0x0000000087e00000, 0x00000000d6200000)
  object space 90112K, 15% used [0x0000000082600000,0x00000000833f2bc8,0x0000000087e00000)
 Metaspace       used 33612K, capacity 35372K, committed 35416K, reserved 1079296K
  class space    used 4558K, capacity 4924K, committed 4952K, reserved 1048576K
}
Event: 19.549 GC heap before
{Heap before GC invocations=10 (full 2):
 PSYoungGen      total 110080K, used 99840K [0x00000000d6200000, 0x00000000e0a80000, 0x0000000100000000)
  eden space 99840K, 100% used [0x00000000d6200000,0x00000000dc380000,0x00000000dc380000)
  from space 10240K, 0% used [0x00000000dc380000,0x00000000dc380000,0x00000000dcd80000)
  to   space 11264K, 0% used [0x00000000dff80000,0x00000000dff80000,0x00000000e0a80000)
 ParOldGen       total 90112K, used 14282K [0x0000000082600000, 0x0000000087e00000, 0x00000000d6200000)
  object space 90112K, 15% used [0x0000000082600000,0x00000000833f2bc8,0x0000000087e00000)
 Metaspace       used 37617K, capacity 39728K, committed 39896K, reserved 1083392K
  class space    used 5128K, capacity 5543K, committed 5592K, reserved 1048576K
Event: 19.553 GC heap after
Heap after GC invocations=10 (full 2):
 PSYoungGen      total 146432K, used 7121K [0x00000000d6200000, 0x00000000e0680000, 0x0000000100000000)
  eden space 139264K, 0% used [0x00000000d6200000,0x00000000d6200000,0x00000000dea00000)
  from space 7168K, 99% used [0x00000000dff80000,0x00000000e0674578,0x00000000e0680000)
  to   space 10752K, 0% used [0x00000000df180000,0x00000000df180000,0x00000000dfc00000)
 ParOldGen       total 90112K, used 14290K [0x0000000082600000, 0x0000000087e00000, 0x00000000d6200000)
  object space 90112K, 15% used [0x0000000082600000,0x00000000833f4bc8,0x0000000087e00000)
 Metaspace       used 37617K, capacity 39728K, committed 39896K, reserved 1083392K
  class space    used 5128K, capacity 5543K, committed 5592K, reserved 1048576K
}

