# JRE version: Java(TM) SE Runtime Environment (8.0_202-b08) (build 1.8.0_202-b08)
# Java VM: Java HotSpot(TM) 64-Bit Server VM (25.202-b08 mixed mode windows-amd64 compressed oops)
Heap:
 PSYoungGen      total 142336K, used 69158K [0x00000000d6200000, 0x00000000e0480000, 0x0000000100000000)
  eden space 134144K, 45% used [0x00000000d6200000,0x00000000d9da5590,0x00000000de500000)
  from space 8192K, 98% used [0x00000000dfc80000,0x00000000e0464340,0x00000000e0480000)
  to   space 11264K, 0% used [0x00000000dee80000,0x00000000dee80000,0x00000000df980000)
 ParOldGen       total 91648K, used 14365K [0x0000000082600000, 0x0000000087f80000, 0x00000000d6200000)
  object space 91648K, 15% used [0x0000000082600000,0x00000000834076a8,0x0000000087f80000)
 Metaspace       used 44118K, capacity 46441K, committed 46720K, reserved 1089536K
  class space    used 5764K, capacity 6214K, committed 6272K, reserved 1048576K
GC Heap History (10 events):
Event: 3.050 GC heap before
{Heap before GC invocations=6 (full 1):
 PSYoungGen      total 70656K, used 65536K [0x00000000d6200000, 0x00000000dac00000, 0x0000000100000000)
  eden space 65536K, 100% used [0x00000000d6200000,0x00000000da200000,0x00000000da200000)
  from space 5120K, 0% used [0x00000000da700000,0x00000000da700000,0x00000000dac00000)
  to   space 5120K, 0% used [0x00000000da200000,0x00000000da200000,0x00000000da700000)
 ParOldGen       total 58368K, used 8195K [0x0000000082600000, 0x0000000085f00000, 0x00000000d6200000)
  object space 58368K, 14% used [0x0000000082600000,0x0000000082e00e20,0x0000000085f00000)
 Metaspace       used 23002K, capacity 24068K, committed 24448K, reserved 1071104K
  class space    used 3129K, capacity 3352K, committed 3456K, reserved 1048576K
Event: 3.057 GC heap after
Heap after GC invocations=6 (full 1):
 PSYoungGen      total 70656K, used 5078K [0x00000000d6200000, 0x00000000dd700000, 0x0000000100000000)
  eden space 65536K, 0% used [0x00000000d6200000,0x00000000d6200000,0x00000000da200000)
  from space 5120K, 99% used [0x00000000da200000,0x00000000da6f5a20,0x00000000da700000)
  to   space 9216K, 0% used [0x00000000dce00000,0x00000000dce00000,0x00000000dd700000)
 ParOldGen       total 58368K, used 8203K [0x0000000082600000, 0x0000000085f00000, 0x00000000d6200000)
  object space 58368K, 14% used [0x0000000082600000,0x0000000082e02e20,0x0000000085f00000)
 Metaspace       used 23002K, capacity 24068K, committed 24448K, reserved 1071104K
  class space    used 3129K, capacity 3352K, committed 3456K, reserved 1048576K
}
Event: 3.992 GC heap before
{Heap before GC invocations=7 (full 1):
 PSYoungGen      total 70656K, used 70614K [0x00000000d6200000, 0x00000000dd700000, 0x0000000100000000)
  eden space 65536K, 100% used [0x00000000d6200000,0x00000000da200000,0x00000000da200000)
  from space 5120K, 99% used [0x00000000da200000,0x00000000da6f5a20,0x00000000da700000)
  to   space 9216K, 0% used [0x00000000dce00000,0x00000000dce00000,0x00000000dd700000)
 ParOldGen       total 58368K, used 8203K [0x0000000082600000, 0x0000000085f00000, 0x00000000d6200000)
  object space 58368K, 14% used [0x0000000082600000,0x0000000082e02e20,0x0000000085f00000)
 Metaspace       used 27603K, capacity 29240K, committed 29568K, reserved 1075200K
  class space    used 3790K, capacity 4140K, committed 4224K, reserved 1048576K
Event: 4.000 GC heap after
Heap after GC invocations=7 (full 1):
 PSYoungGen      total 107520K, used 8694K [0x00000000d6200000, 0x00000000dd680000, 0x0000000100000000)
  eden space 98816K, 0% used [0x00000000d6200000,0x00000000d6200000,0x00000000dc280000)
  from space 8704K, 99% used [0x00000000dce00000,0x00000000dd67d8c0,0x00000000dd680000)
  to   space 10240K, 0% used [0x00000000dc280000,0x00000000dc280000,0x00000000dcc80000)
 ParOldGen       total 58368K, used 8211K [0x0000000082600000, 0x0000000085f00000, 0x00000000d6200000)
  object space 58368K, 14% used [0x0000000082600000,0x0000000082e04e20,0x0000000085f00000)
 Metaspace       used 27603K, capacity 29240K, committed 29568K, reserved 1075200K
  class space    used 3790K, capacity 4140K, committed 4224K, reserved 1048576K
}
Event: 4.784 GC heap before
{Heap before GC invocations=8 (full 1):
 PSYoungGen      total 107520K, used 69152K [0x00000000d6200000, 0x00000000dd680000, 0x0000000100000000)
  eden space 98816K, 61% used [0x00000000d6200000,0x00000000d9d0aaa0,0x00000000dc280000)
  from space 8704K, 99% used [0x00000000dce00000,0x00000000dd67d8c0,0x00000000dd680000)
  to   space 10240K, 0% used [0x00000000dc280000,0x00000000dc280000,0x00000000dcc80000)
 ParOldGen       total 58368K, used 8211K [0x0000000082600000, 0x0000000085f00000, 0x00000000d6200000)
  object space 58368K, 14% used [0x0000000082600000,0x0000000082e04e20,0x0000000085f00000)
 Metaspace       used 33596K, capacity 35296K, committed 35456K, reserved 1079296K
  class space    used 4553K, capacity 4924K, committed 4992K, reserved 1048576K
Event: 4.795 GC heap after
Heap after GC invocations=8 (full 1):
 PSYoungGen      total 109056K, used 9576K [0x00000000d6200000, 0x00000000e0780000, 0x0000000100000000)
  eden space 98816K, 0% used [0x00000000d6200000,0x00000000d6200000,0x00000000dc280000)
  from space 10240K, 93% used [0x00000000dc280000,0x00000000dcbda3e0,0x00000000dcc80000)
  to   space 11264K, 0% used [0x00000000dfc80000,0x00000000dfc80000,0x00000000e0780000)
 ParOldGen       total 58368K, used 8283K [0x0000000082600000, 0x0000000085f00000, 0x00000000d6200000)
  object space 58368K, 14% used [0x0000000082600000,0x0000000082e16e30,0x0000000085f00000)
 Metaspace       used 33596K, capacity 35296K, committed 35456K, reserved 1079296K
  class space    used 4553K, capacity 4924K, committed 4992K, reserved 1048576K
}
Event: 4.795 GC heap before
{Heap before GC invocations=9 (full 2):
 PSYoungGen      total 109056K, used 9576K [0x00000000d6200000, 0x00000000e0780000, 0x0000000100000000)
  eden space 98816K, 0% used [0x00000000d6200000,0x00000000d6200000,0x00000000dc280000)
  from space 10240K, 93% used [0x00000000dc280000,0x00000000dcbda3e0,0x00000000dcc80000)
  to   space 11264K, 0% used [0x00000000dfc80000,0x00000000dfc80000,0x00000000e0780000)
 ParOldGen       total 58368K, used 8283K [0x0000000082600000, 0x0000000085f00000, 0x00000000d6200000)
  object space 58368K, 14% used [0x0000000082600000,0x0000000082e16e30,0x0000000085f00000)
 Metaspace       used 33596K, capacity 35296K, committed 35456K, reserved 1079296K
  class space    used 4553K, capacity 4924K, committed 4992K, reserved 1048576K
Event: 4.875 GC heap after
Heap after GC invocations=9 (full 2):
 PSYoungGen      total 109056K, used 0K [0x00000000d6200000, 0x00000000e0780000, 0x0000000100000000)
  eden space 98816K, 0% used [0x00000000d6200000,0x00000000d6200000,0x00000000dc280000)
  from space 10240K, 0% used [0x00000000dc280000,0x00000000dc280000,0x00000000dcc80000)
  to   space 11264K, 0% used [0x00000000dfc80000,0x00000000dfc80000,0x00000000e0780000)
 ParOldGen       total 91648K, used 14357K [0x0000000082600000, 0x0000000087f80000, 0x00000000d6200000)
  object space 91648K, 15% used [0x0000000082600000,0x00000000834056a8,0x0000000087f80000)
 Metaspace       used 33596K, capacity 35296K, committed 35456K, reserved 1079296K
  class space    used 4553K, capacity 4924K, committed 4992K, reserved 1048576K
}
Event: 15.717 GC heap before
{Heap before GC invocations=10 (full 2):
 PSYoungGen      total 109056K, used 98816K [0x00000000d6200000, 0x00000000e0780000, 0x0000000100000000)
  eden space 98816K, 100% used [0x00000000d6200000,0x00000000dc280000,0x00000000dc280000)
  from space 10240K, 0% used [0x00000000dc280000,0x00000000dc280000,0x00000000dcc80000)
  to   space 11264K, 0% used [0x00000000dfc80000,0x00000000dfc80000,0x00000000e0780000)
 ParOldGen       total 91648K, used 14357K [0x0000000082600000, 0x0000000087f80000, 0x00000000d6200000)
  object space 91648K, 15% used [0x0000000082600000,0x00000000834056a8,0x0000000087f80000)
 Metaspace       used 38738K, capacity 40868K, committed 41088K, reserved 1085440K
  class space    used 5242K, capacity 5645K, committed 5760K, reserved 1048576K
Event: 15.732 GC heap after
Heap after GC invocations=10 (full 2):
 PSYoungGen      total 142336K, used 8080K [0x00000000d6200000, 0x00000000e0480000, 0x0000000100000000)
  eden space 134144K, 0% used [0x00000000d6200000,0x00000000d6200000,0x00000000de500000)
  from space 8192K, 98% used [0x00000000dfc80000,0x00000000e0464340,0x00000000e0480000)
  to   space 11264K, 0% used [0x00000000dee80000,0x00000000dee80000,0x00000000df980000)
 ParOldGen       total 91648K, used 14365K [0x0000000082600000, 0x0000000087f80000, 0x00000000d6200000)
  object space 91648K, 15% used [0x0000000082600000,0x00000000834076a8,0x0000000087f80000)
 Metaspace       used 38738K, capacity 40868K, committed 41088K, reserved 1085440K
  class space    used 5242K, capacity 5645K, committed 5760K, reserved 1048576K
}

